  [4;36;1mSQL (0.2ms)[0m   [0;1m SELECT name
 FROM sqlite_master
 WHERE type = 'table' AND NOT name = 'sqlite_sequence'
[0m
  [4;35;1mSQL (0.1ms)[0m   [0mselect sqlite_version(*)[0m
  [4;36;1mSQL (1.1ms)[0m   [0;1mCREATE TABLE "schema_migrations" ("version" varchar(255) NOT NULL) [0m
  [4;35;1mSQL (1.0ms)[0m   [0mCREATE UNIQUE INDEX "unique_schema_migrations" ON "schema_migrations" ("version")[0m
  [4;36;1mSQL (0.1ms)[0m   [0;1m SELECT name
 FROM sqlite_master
 WHERE type = 'table' AND NOT name = 'sqlite_sequence'
[0m
  [4;35;1mSQL (0.1ms)[0m   [0mSELECT version FROM schema_migrations[0m
Migrating to CreatePosts (20100421044350)
  [4;36;1mSQL (0.3ms)[0m   [0;1mCREATE TABLE "posts" ("id" INTEGER PRIMARY KEY AUTOINCREMENT NOT NULL, "title" varchar(255), "body" text, "created_at" datetime, "updated_at" datetime) [0m
  [4;35;1mSQL (0.1ms)[0m   [0mINSERT INTO schema_migrations (version) VALUES ('20100421044350')[0m
  [4;36;1mSQL (0.3ms)[0m   [0;1m SELECT name
 FROM sqlite_master
 WHERE type = 'table' AND NOT name = 'sqlite_sequence'
[0m
  [4;35;1mSQL (0.1ms)[0m   [0mSELECT version FROM schema_migrations[0m
  [4;36;1mSQL (0.1ms)[0m   [0;1m SELECT name
 FROM sqlite_master
 WHERE type = 'table' AND NOT name = 'sqlite_sequence'
[0m
  [4;35;1mSQL (0.0ms)[0m   [0mPRAGMA index_list("posts")[0m
  [4;36;1mSQL (0.3ms)[0m   [0;1m SELECT name
 FROM sqlite_master
 WHERE type = 'table' AND NOT name = 'sqlite_sequence'
[0m
  [4;35;1mSQL (0.1ms)[0m   [0mselect sqlite_version(*)[0m
  [4;36;1mSQL (2.3ms)[0m   [0;1mCREATE TABLE "schema_migrations" ("version" varchar(255) NOT NULL) [0m
  [4;35;1mSQL (6.9ms)[0m   [0mCREATE UNIQUE INDEX "unique_schema_migrations" ON "schema_migrations" ("version")[0m
  [4;36;1mSQL (0.3ms)[0m   [0;1m SELECT name
 FROM sqlite_master
 WHERE type = 'table' AND NOT name = 'sqlite_sequence'
[0m
  [4;35;1mSQL (0.1ms)[0m   [0mSELECT version FROM schema_migrations[0m
Migrating to CreatePosts (20100421044350)
  [4;36;1mSQL (0.5ms)[0m   [0;1mCREATE TABLE "posts" ("id" INTEGER PRIMARY KEY AUTOINCREMENT NOT NULL, "title" varchar(255), "body" text, "created_at" datetime, "updated_at" datetime) [0m
  [4;35;1mSQL (0.1ms)[0m   [0mINSERT INTO schema_migrations (version) VALUES ('20100421044350')[0m
  [4;36;1mSQL (0.4ms)[0m   [0;1m SELECT name
 FROM sqlite_master
 WHERE type = 'table' AND NOT name = 'sqlite_sequence'
[0m
  [4;35;1mSQL (0.1ms)[0m   [0mSELECT version FROM schema_migrations[0m
  [4;36;1mSQL (0.1ms)[0m   [0;1m SELECT name
 FROM sqlite_master
 WHERE type = 'table' AND NOT name = 'sqlite_sequence'
[0m
  [4;35;1mSQL (0.0ms)[0m   [0mPRAGMA index_list("posts")[0m


Processing HomeController#index (for 127.0.0.1 at 2010-04-21 01:26:14) [GET]
Rendering template within layouts/application
Rendering home/index
Completed in 29ms (View: 28, DB: 0) | 200 OK [http://localhost/]


Processing HomeController#index (for 127.0.0.1 at 2010-04-21 01:26:15) [GET]
Rendering template within layouts/application
Rendering home/index
Completed in 5ms (View: 4, DB: 0) | 200 OK [http://localhost/]


Processing PostsController#index (for 127.0.0.1 at 2010-04-21 01:26:17) [GET]
  [4;36;1mPost Load (0.3ms)[0m   [0;1mSELECT * FROM "posts" [0m
Rendering template within layouts/application
Rendering posts/index
Completed in 10ms (View: 6, DB: 0) | 200 OK [http://localhost/posts]


Processing PostsController#new (for 127.0.0.1 at 2010-04-21 01:26:50) [GET]
Rendering template within layouts/application
Rendering posts/new
Completed in 12ms (View: 9, DB: 0) | 200 OK [http://localhost/posts/new]


Processing PostsController#create (for 127.0.0.1 at 2010-04-21 01:27:01) [POST]
  Parameters: {"commit"=>"Create", "post"=>{"body"=>"qw eqwe qweqw eqqw eqwe qweqw eqqw eqwe qweqw eqqw eqwe qweqw eqqw eqwe qweqw eqqw eqwe qweqw eqqw eqwe qweqw eqqw eqwe qweqw eqqw eqwe qweqw eq", "title"=>"qw eqwe qweqw e"}, "authenticity_token"=>"lw68wr3AUGYIpRaQM2ZR0TG9m6xT30EXRtGwibSAHhQ="}
  [4;35;1mPost Create (0.3ms)[0m   [0mINSERT INTO "posts" ("created_at", "title", "body", "updated_at") VALUES('2010-04-21 05:27:01', 'qw eqwe qweqw e', 'qw eqwe qweqw eqqw eqwe qweqw eqqw eqwe qweqw eqqw eqwe qweqw eqqw eqwe qweqw eqqw eqwe qweqw eqqw eqwe qweqw eqqw eqwe qweqw eqqw eqwe qweqw eq', '2010-04-21 05:27:01')[0m
Redirected to http://localhost:3000/posts/1
Completed in 10ms (DB: 0) | 302 Found [http://localhost/posts]


Processing PostsController#show (for 127.0.0.1 at 2010-04-21 01:27:01) [GET]
  Parameters: {"id"=>"1"}
  [4;36;1mPost Load (0.2ms)[0m   [0;1mSELECT * FROM "posts" WHERE ("posts"."id" = 1) [0m
Rendering template within layouts/application
Rendering posts/show
Completed in 75ms (View: 71, DB: 0) | 200 OK [http://localhost/posts/1]


Processing PostsController#index (for 127.0.0.1 at 2010-04-21 01:27:03) [GET]
  [4;35;1mPost Load (0.4ms)[0m   [0mSELECT * FROM "posts" [0m
Rendering template within layouts/application
Rendering posts/index
Completed in 10ms (View: 6, DB: 0) | 200 OK [http://localhost/posts]


Processing PostsController#new (for 127.0.0.1 at 2010-04-21 01:27:06) [GET]
Rendering template within layouts/application
Rendering posts/new
Completed in 8ms (View: 5, DB: 0) | 200 OK [http://localhost/posts/new]


Processing PostsController#create (for 127.0.0.1 at 2010-04-21 01:27:13) [POST]
  Parameters: {"commit"=>"Create", "post"=>{"body"=>"qwe qweqwe qweqw eqqwe qweqwe qweqw eqqwe qweqwe qweqw eqqwe qweqwe qweqw eqqwe qweqwe qweqw eqqwe qweqwe qweqw eqqwe qweqwe qweqw eqqwe qweqwe qweqw eqqwe qweqwe qweqw eq", "title"=>"qw eqwe qweqwe qweqwe qwe"}, "authenticity_token"=>"lw68wr3AUGYIpRaQM2ZR0TG9m6xT30EXRtGwibSAHhQ="}
  [4;36;1mPost Create (0.3ms)[0m   [0;1mINSERT INTO "posts" ("created_at", "title", "body", "updated_at") VALUES('2010-04-21 05:27:13', 'qw eqwe qweqwe qweqwe qwe', 'qwe qweqwe qweqw eqqwe qweqwe qweqw eqqwe qweqwe qweqw eqqwe qweqwe qweqw eqqwe qweqwe qweqw eqqwe qweqwe qweqw eqqwe qweqwe qweqw eqqwe qweqwe qweqw eqqwe qweqwe qweqw eq', '2010-04-21 05:27:13')[0m
Redirected to http://localhost:3000/posts/2
Completed in 8ms (DB: 0) | 302 Found [http://localhost/posts]


Processing PostsController#show (for 127.0.0.1 at 2010-04-21 01:27:13) [GET]
  Parameters: {"id"=>"2"}
  [4;35;1mPost Load (0.2ms)[0m   [0mSELECT * FROM "posts" WHERE ("posts"."id" = 2) [0m
Rendering template within layouts/application
Rendering posts/show
Completed in 8ms (View: 3, DB: 0) | 200 OK [http://localhost/posts/2]


Processing PostsController#index (for 127.0.0.1 at 2010-04-21 01:27:15) [GET]
  [4;36;1mPost Load (0.4ms)[0m   [0;1mSELECT * FROM "posts" [0m
Rendering template within layouts/application
Rendering posts/index
Completed in 12ms (View: 8, DB: 0) | 200 OK [http://localhost/posts]


Processing HomeController#index (for 127.0.0.1 at 2010-04-21 01:27:16) [GET]
Rendering template within layouts/application
Rendering home/index
Completed in 4ms (View: 2, DB: 0) | 200 OK [http://localhost/]


Processing PostsController#index (for 127.0.0.1 at 2010-04-21 01:27:18) [GET]
  [4;35;1mPost Load (0.4ms)[0m   [0mSELECT * FROM "posts" [0m
Rendering template within layouts/application
Rendering posts/index
Completed in 75ms (View: 71, DB: 0) | 200 OK [http://localhost/posts]
  [4;36;1mPost Create (0.4ms)[0m   [0;1mINSERT INTO "posts" ("created_at", "title", "body", "updated_at") VALUES('2010-04-21 05:29:29', 'This is post #0', NULL, '2010-04-21 05:29:29')[0m
  [4;35;1mPost Create (0.2ms)[0m   [0mINSERT INTO "posts" ("created_at", "title", "body", "updated_at") VALUES('2010-04-21 05:29:29', 'This is post #1', NULL, '2010-04-21 05:29:29')[0m
  [4;36;1mPost Create (0.2ms)[0m   [0;1mINSERT INTO "posts" ("created_at", "title", "body", "updated_at") VALUES('2010-04-21 05:29:29', 'This is post #2', NULL, '2010-04-21 05:29:29')[0m
  [4;35;1mPost Create (0.2ms)[0m   [0mINSERT INTO "posts" ("created_at", "title", "body", "updated_at") VALUES('2010-04-21 05:29:29', 'This is post #3', NULL, '2010-04-21 05:29:29')[0m
  [4;36;1mPost Create (0.2ms)[0m   [0;1mINSERT INTO "posts" ("created_at", "title", "body", "updated_at") VALUES('2010-04-21 05:29:29', 'This is post #4', NULL, '2010-04-21 05:29:29')[0m
  [4;35;1mPost Create (0.2ms)[0m   [0mINSERT INTO "posts" ("created_at", "title", "body", "updated_at") VALUES('2010-04-21 05:29:29', 'This is post #5', NULL, '2010-04-21 05:29:29')[0m
  [4;36;1mPost Create (0.2ms)[0m   [0;1mINSERT INTO "posts" ("created_at", "title", "body", "updated_at") VALUES('2010-04-21 05:29:29', 'This is post #6', NULL, '2010-04-21 05:29:29')[0m
  [4;35;1mPost Create (0.2ms)[0m   [0mINSERT INTO "posts" ("created_at", "title", "body", "updated_at") VALUES('2010-04-21 05:29:29', 'This is post #7', NULL, '2010-04-21 05:29:29')[0m
  [4;36;1mPost Create (0.2ms)[0m   [0;1mINSERT INTO "posts" ("created_at", "title", "body", "updated_at") VALUES('2010-04-21 05:29:29', 'This is post #8', NULL, '2010-04-21 05:29:29')[0m
  [4;35;1mPost Create (0.2ms)[0m   [0mINSERT INTO "posts" ("created_at", "title", "body", "updated_at") VALUES('2010-04-21 05:29:29', 'This is post #9', NULL, '2010-04-21 05:29:29')[0m


Processing HomeController#index (for 127.0.0.1 at 2010-04-21 01:29:34) [GET]
Rendering template within layouts/application
Rendering home/index
Completed in 77ms (View: 75, DB: 0) | 200 OK [http://localhost/]


Processing HomeController#index (for 127.0.0.1 at 2010-04-21 01:29:35) [GET]
Rendering template within layouts/application
Rendering home/index
Completed in 4ms (View: 3, DB: 0) | 200 OK [http://localhost/]


Processing PostsController#index (for 127.0.0.1 at 2010-04-21 01:29:36) [GET]
  [4;36;1mPost Load (0.9ms)[0m   [0;1mSELECT * FROM "posts" [0m
Rendering template within layouts/application
Rendering posts/index
Completed in 40ms (View: 35, DB: 1) | 200 OK [http://localhost/posts]
  [4;36;1mPost Create (0.4ms)[0m   [0;1mINSERT INTO "posts" ("created_at", "title", "body", "updated_at") VALUES('2010-04-21 05:30:00', 'This is post #1', NULL, '2010-04-21 05:30:00')[0m
  [4;35;1mPost Create (0.2ms)[0m   [0mINSERT INTO "posts" ("created_at", "title", "body", "updated_at") VALUES('2010-04-21 05:30:00', 'This is post #2', NULL, '2010-04-21 05:30:00')[0m
  [4;36;1mPost Create (0.2ms)[0m   [0;1mINSERT INTO "posts" ("created_at", "title", "body", "updated_at") VALUES('2010-04-21 05:30:00', 'This is post #3', NULL, '2010-04-21 05:30:00')[0m
  [4;35;1mPost Create (0.2ms)[0m   [0mINSERT INTO "posts" ("created_at", "title", "body", "updated_at") VALUES('2010-04-21 05:30:00', 'This is post #4', NULL, '2010-04-21 05:30:00')[0m
  [4;36;1mPost Create (0.2ms)[0m   [0;1mINSERT INTO "posts" ("created_at", "title", "body", "updated_at") VALUES('2010-04-21 05:30:00', 'This is post #5', NULL, '2010-04-21 05:30:00')[0m
  [4;35;1mPost Create (0.2ms)[0m   [0mINSERT INTO "posts" ("created_at", "title", "body", "updated_at") VALUES('2010-04-21 05:30:00', 'This is post #6', NULL, '2010-04-21 05:30:00')[0m
  [4;36;1mPost Create (0.2ms)[0m   [0;1mINSERT INTO "posts" ("created_at", "title", "body", "updated_at") VALUES('2010-04-21 05:30:00', 'This is post #7', NULL, '2010-04-21 05:30:00')[0m
  [4;35;1mPost Create (0.2ms)[0m   [0mINSERT INTO "posts" ("created_at", "title", "body", "updated_at") VALUES('2010-04-21 05:30:00', 'This is post #8', NULL, '2010-04-21 05:30:00')[0m
  [4;36;1mPost Create (0.2ms)[0m   [0;1mINSERT INTO "posts" ("created_at", "title", "body", "updated_at") VALUES('2010-04-21 05:30:00', 'This is post #9', NULL, '2010-04-21 05:30:00')[0m
  [4;35;1mPost Create (0.2ms)[0m   [0mINSERT INTO "posts" ("created_at", "title", "body", "updated_at") VALUES('2010-04-21 05:30:00', 'This is post #10', NULL, '2010-04-21 05:30:00')[0m


Processing PostsController#index (for 127.0.0.1 at 2010-04-21 01:30:36) [GET]
  [4;36;1mPost Load (1.5ms)[0m   [0;1mSELECT * FROM "posts" [0m
Rendering template within layouts/application
Rendering posts/index
Completed in 135ms (View: 71, DB: 1) | 200 OK [http://localhost/posts]
  [4;36;1mSQL (0.2ms)[0m   [0;1m SELECT name
 FROM sqlite_master
 WHERE type = 'table' AND NOT name = 'sqlite_sequence'
[0m
  [4;35;1mSQL (0.1ms)[0m   [0mselect sqlite_version(*)[0m
  [4;36;1mSQL (1.3ms)[0m   [0;1mCREATE TABLE "schema_migrations" ("version" varchar(255) NOT NULL) [0m
  [4;35;1mSQL (0.9ms)[0m   [0mCREATE UNIQUE INDEX "unique_schema_migrations" ON "schema_migrations" ("version")[0m
  [4;36;1mSQL (0.1ms)[0m   [0;1m SELECT name
 FROM sqlite_master
 WHERE type = 'table' AND NOT name = 'sqlite_sequence'
[0m
  [4;35;1mSQL (0.1ms)[0m   [0mSELECT version FROM schema_migrations[0m
Migrating to CreatePosts (20100421044350)
  [4;36;1mSQL (0.3ms)[0m   [0;1mCREATE TABLE "posts" ("id" INTEGER PRIMARY KEY AUTOINCREMENT NOT NULL, "title" varchar(255), "body" text, "created_at" datetime, "updated_at" datetime) [0m
  [4;35;1mSQL (0.1ms)[0m   [0mINSERT INTO schema_migrations (version) VALUES ('20100421044350')[0m
  [4;36;1mSQL (0.2ms)[0m   [0;1m SELECT name
 FROM sqlite_master
 WHERE type = 'table' AND NOT name = 'sqlite_sequence'
[0m
  [4;35;1mSQL (0.1ms)[0m   [0mSELECT version FROM schema_migrations[0m
  [4;36;1mSQL (0.1ms)[0m   [0;1m SELECT name
 FROM sqlite_master
 WHERE type = 'table' AND NOT name = 'sqlite_sequence'
[0m
  [4;35;1mSQL (0.0ms)[0m   [0mPRAGMA index_list("posts")[0m
  [4;36;1mPost Create (0.4ms)[0m   [0;1mINSERT INTO "posts" ("created_at", "title", "body", "updated_at") VALUES('2010-04-21 05:31:14', 'This is post #1', NULL, '2010-04-21 05:31:14')[0m
  [4;35;1mPost Create (0.2ms)[0m   [0mINSERT INTO "posts" ("created_at", "title", "body", "updated_at") VALUES('2010-04-21 05:31:14', 'This is post #2', NULL, '2010-04-21 05:31:14')[0m
  [4;36;1mPost Create (0.2ms)[0m   [0;1mINSERT INTO "posts" ("created_at", "title", "body", "updated_at") VALUES('2010-04-21 05:31:14', 'This is post #3', NULL, '2010-04-21 05:31:14')[0m
  [4;35;1mPost Create (0.2ms)[0m   [0mINSERT INTO "posts" ("created_at", "title", "body", "updated_at") VALUES('2010-04-21 05:31:14', 'This is post #4', NULL, '2010-04-21 05:31:14')[0m
  [4;36;1mPost Create (0.2ms)[0m   [0;1mINSERT INTO "posts" ("created_at", "title", "body", "updated_at") VALUES('2010-04-21 05:31:14', 'This is post #5', NULL, '2010-04-21 05:31:14')[0m
  [4;35;1mPost Create (0.2ms)[0m   [0mINSERT INTO "posts" ("created_at", "title", "body", "updated_at") VALUES('2010-04-21 05:31:14', 'This is post #6', NULL, '2010-04-21 05:31:14')[0m
  [4;36;1mPost Create (0.2ms)[0m   [0;1mINSERT INTO "posts" ("created_at", "title", "body", "updated_at") VALUES('2010-04-21 05:31:14', 'This is post #7', NULL, '2010-04-21 05:31:14')[0m
  [4;35;1mPost Create (0.2ms)[0m   [0mINSERT INTO "posts" ("created_at", "title", "body", "updated_at") VALUES('2010-04-21 05:31:14', 'This is post #8', NULL, '2010-04-21 05:31:14')[0m
  [4;36;1mPost Create (0.2ms)[0m   [0;1mINSERT INTO "posts" ("created_at", "title", "body", "updated_at") VALUES('2010-04-21 05:31:14', 'This is post #9', NULL, '2010-04-21 05:31:14')[0m
  [4;35;1mPost Create (0.2ms)[0m   [0mINSERT INTO "posts" ("created_at", "title", "body", "updated_at") VALUES('2010-04-21 05:31:14', 'This is post #10', NULL, '2010-04-21 05:31:14')[0m


Processing PostsController#index (for 127.0.0.1 at 2010-04-21 01:31:18) [GET]
  [4;36;1mPost Load (0.9ms)[0m   [0;1mSELECT * FROM "posts" [0m
Rendering template within layouts/application
Rendering posts/index
Completed in 108ms (View: 45, DB: 1) | 200 OK [http://localhost/posts]


Processing PostsController#index (for 127.0.0.1 at 2010-04-21 01:31:19) [GET]
  [4;35;1mPost Load (0.8ms)[0m   [0mSELECT * FROM "posts" [0m
Rendering template within layouts/application
Rendering posts/index
Completed in 31ms (View: 26, DB: 1) | 200 OK [http://localhost/posts]


Processing HomeController#index (for 127.0.0.1 at 2010-04-21 01:33:16) [GET]
Rendering template within layouts/application
Rendering home/index
Completed in 7ms (View: 6, DB: 0) | 200 OK [http://localhost/]


Processing PostsController#index (for 127.0.0.1 at 2010-04-21 01:34:46) [GET]
  [4;36;1mPost Load (0.8ms)[0m   [0;1mSELECT * FROM "posts" [0m
Rendering template within layouts/application
Rendering posts/index
Completed in 96ms (View: 91, DB: 1) | 200 OK [http://localhost/posts]


Processing PostsController#edit (for 127.0.0.1 at 2010-04-21 01:34:51) [GET]
  Parameters: {"id"=>"1"}
  [4;35;1mPost Load (0.2ms)[0m   [0mSELECT * FROM "posts" WHERE ("posts"."id" = 1) [0m
Rendering template within layouts/application
Rendering posts/edit
Completed in 15ms (View: 10, DB: 0) | 200 OK [http://localhost/posts/1/edit]


Processing PostsController#edit (for 127.0.0.1 at 2010-04-21 01:35:02) [GET]
  Parameters: {"id"=>"1"}
  [4;36;1mPost Load (0.2ms)[0m   [0;1mSELECT * FROM "posts" WHERE ("posts"."id" = 1) [0m
Rendering template within layouts/application
Rendering posts/edit

ActionView::TemplateError (undefined method `each' for #<Post:0x102b71fa8>) on line #3 of app/views/posts/edit.html.erb:
1: <h1>Editing post</h1>
2: 
3: <% form_remote_tag(@post) do |f| %>
4:   <%= f.error_messages %>
5: 
6:   <p>

    app/views/posts/edit.html.erb:3

Rendered rescues/_trace (39.4ms)
Rendered rescues/_request_and_response (1.1ms)
Rendering rescues/layout (internal_server_error)


Processing PostsController#edit (for 127.0.0.1 at 2010-04-21 01:39:37) [GET]
  Parameters: {"id"=>"1"}
  [4;35;1mPost Load (0.2ms)[0m   [0mSELECT * FROM "posts" WHERE ("posts"."id" = 1) [0m
Rendering template within layouts/application
Rendering posts/edit
Completed in 85ms (View: 10, DB: 0) | 200 OK [http://localhost/posts/1/edit]


Processing PostsController#index (for 127.0.0.1 at 2010-04-21 01:39:39) [GET]
  [4;36;1mPost Load (0.8ms)[0m   [0;1mSELECT * FROM "posts" [0m
Rendering template within layouts/application
Rendering posts/index

ActionView::TemplateError (post_url failed to generate from {:action=>"show", :id=>nil, :controller=>"posts"}, expected: {:action=>"show", :controller=>"posts"}, diff: {:id=>nil}) on line #17 of app/views/posts/index.html.erb:
14:     <td><%= link_to 'Edit', edit_post_path(post) %></td>
15:     <td><%= link_to 'Destroy', post, :confirm => 'Are you sure?', :method => :delete %></td>
16: 		<td><%= link_to_remote "Delete this post", :update => "posts",
17: 							:url  => post_url(@post), :method => :delete,
18:     					:html => { :class  => "destructive" } %></td>
19:   </tr>
20: <% end %>

    (eval):16:in `post_url'
    app/views/posts/index.html.erb:17
    app/views/posts/index.html.erb:9:in `each'
    app/views/posts/index.html.erb:9
    app/controllers/posts_controller.rb:7:in `index'

Rendered rescues/_trace (44.4ms)
Rendered rescues/_request_and_response (0.3ms)
Rendering rescues/layout (internal_server_error)


Processing PostsController#index (for 127.0.0.1 at 2010-04-21 01:39:55) [GET]
  [4;35;1mPost Load (0.8ms)[0m   [0mSELECT * FROM "posts" [0m
Rendering template within layouts/application
Rendering posts/index
Completed in 112ms (View: 108, DB: 1) | 200 OK [http://localhost/posts]


Processing PostsController#destroy (for 127.0.0.1 at 2010-04-21 01:39:58) [DELETE]
  Parameters: {"authenticity_token"=>"lw68wr3AUGYIpRaQM2ZR0TG9m6xT30EXRtGwibSAHhQ=", "id"=>"10", "_"=>""}
  [4;36;1mPost Load (0.2ms)[0m   [0;1mSELECT * FROM "posts" WHERE ("posts"."id" = 10) [0m
  [4;35;1mPost Destroy (0.3ms)[0m   [0mDELETE FROM "posts" WHERE "id" = 10[0m
Redirected to http://localhost:3000/posts
Completed in 6ms (DB: 0) | 302 Found [http://localhost/posts/10]


Processing PostsController#index (for 127.0.0.1 at 2010-04-21 01:39:58) [GET]
  [4;36;1mPost Load (0.8ms)[0m   [0;1mSELECT * FROM "posts" [0m
Rendering posts/index
Completed in 35ms (View: 31, DB: 1) | 200 OK [http://localhost/posts]


Processing PostsController#index (for 127.0.0.1 at 2010-04-21 01:40:01) [GET]
  [4;35;1mPost Load (0.9ms)[0m   [0mSELECT * FROM "posts" [0m
Rendering template within layouts/application
Rendering posts/index
Completed in 39ms (View: 34, DB: 1) | 200 OK [http://localhost/posts]


Processing PostsController#destroy (for 127.0.0.1 at 2010-04-21 01:40:03) [DELETE]
  Parameters: {"authenticity_token"=>"lw68wr3AUGYIpRaQM2ZR0TG9m6xT30EXRtGwibSAHhQ=", "id"=>"9", "_"=>""}
  [4;36;1mPost Load (0.2ms)[0m   [0;1mSELECT * FROM "posts" WHERE ("posts"."id" = 9) [0m
  [4;35;1mPost Destroy (0.2ms)[0m   [0mDELETE FROM "posts" WHERE "id" = 9[0m
Redirected to http://localhost:3000/posts
Completed in 6ms (DB: 0) | 302 Found [http://localhost/posts/9]


Processing PostsController#index (for 127.0.0.1 at 2010-04-21 01:40:03) [GET]
  [4;36;1mPost Load (0.7ms)[0m   [0;1mSELECT * FROM "posts" [0m
Rendering posts/index
Completed in 34ms (View: 30, DB: 1) | 200 OK [http://localhost/posts]


Processing PostsController#index (for 127.0.0.1 at 2010-04-21 01:40:04) [GET]
  [4;35;1mPost Load (0.8ms)[0m   [0mSELECT * FROM "posts" [0m
Rendering template within layouts/application
Rendering posts/index
Completed in 35ms (View: 30, DB: 1) | 200 OK [http://localhost/posts]


Processing PostsController#destroy (for 127.0.0.1 at 2010-04-21 01:40:20) [DELETE]
  Parameters: {"authenticity_token"=>"lw68wr3AUGYIpRaQM2ZR0TG9m6xT30EXRtGwibSAHhQ=", "id"=>"8"}
  [4;36;1mPost Load (0.2ms)[0m   [0;1mSELECT * FROM "posts" WHERE ("posts"."id" = 8) [0m
  [4;35;1mPost Destroy (0.2ms)[0m   [0mDELETE FROM "posts" WHERE "id" = 8[0m
Redirected to http://localhost:3000/posts
Completed in 6ms (DB: 0) | 302 Found [http://localhost/posts/8]


Processing PostsController#index (for 127.0.0.1 at 2010-04-21 01:40:20) [GET]
  [4;36;1mPost Load (0.6ms)[0m   [0;1mSELECT * FROM "posts" [0m
Rendering template within layouts/application
Rendering posts/index
Completed in 33ms (View: 29, DB: 1) | 200 OK [http://localhost/posts]


Processing PostsController#index (for 127.0.0.1 at 2010-04-21 01:40:32) [GET]
  [4;35;1mPost Load (0.6ms)[0m   [0mSELECT * FROM "posts" [0m
Rendering template within layouts/application
Rendering posts/index
Completed in 35ms (View: 31, DB: 1) | 200 OK [http://localhost/posts]


Processing PostsController#index (for 127.0.0.1 at 2010-04-21 01:43:42) [GET]
  [4;36;1mPost Load (0.7ms)[0m   [0;1mSELECT * FROM "posts" [0m
Rendering template within layouts/application
Rendering posts/index
Completed in 34ms (View: 29, DB: 1) | 200 OK [http://localhost/posts]


Processing PostsController#destroy (for 127.0.0.1 at 2010-04-21 01:43:44) [DELETE]
  Parameters: {"authenticity_token"=>"lw68wr3AUGYIpRaQM2ZR0TG9m6xT30EXRtGwibSAHhQ=", "id"=>"7", "_"=>""}
  [4;35;1mPost Load (0.2ms)[0m   [0mSELECT * FROM "posts" WHERE ("posts"."id" = 7) [0m
  [4;36;1mPost Destroy (0.3ms)[0m   [0;1mDELETE FROM "posts" WHERE "id" = 7[0m
Redirected to http://localhost:3000/posts
Completed in 6ms (DB: 0) | 302 Found [http://localhost/posts/7]


Processing PostsController#index (for 127.0.0.1 at 2010-04-21 01:43:44) [GET]
  [4;35;1mPost Load (0.7ms)[0m   [0mSELECT * FROM "posts" [0m
Rendering posts/index
Completed in 24ms (View: 20, DB: 1) | 200 OK [http://localhost/posts]


Processing PostsController#index (for 127.0.0.1 at 2010-04-21 01:43:46) [GET]
  [4;36;1mPost Load (0.6ms)[0m   [0;1mSELECT * FROM "posts" [0m
Rendering template within layouts/application
Rendering posts/index
Completed in 26ms (View: 22, DB: 1) | 200 OK [http://localhost/posts]


Processing PostsController#destroy (for 127.0.0.1 at 2010-04-21 01:43:48) [DELETE]
  Parameters: {"authenticity_token"=>"lw68wr3AUGYIpRaQM2ZR0TG9m6xT30EXRtGwibSAHhQ=", "id"=>"6", "_"=>""}
  [4;35;1mPost Load (0.2ms)[0m   [0mSELECT * FROM "posts" WHERE ("posts"."id" = 6) [0m
  [4;36;1mPost Destroy (0.2ms)[0m   [0;1mDELETE FROM "posts" WHERE "id" = 6[0m
Redirected to http://localhost:3000/posts
Completed in 7ms (DB: 0) | 302 Found [http://localhost/posts/6]


Processing PostsController#index (for 127.0.0.1 at 2010-04-21 01:43:48) [GET]
  [4;35;1mPost Load (0.6ms)[0m   [0mSELECT * FROM "posts" [0m
Rendering posts/index
Completed in 22ms (View: 18, DB: 1) | 200 OK [http://localhost/posts]


Processing PostsController#destroy (for 127.0.0.1 at 2010-04-21 01:43:48) [DELETE]
  Parameters: {"authenticity_token"=>"lw68wr3AUGYIpRaQM2ZR0TG9m6xT30EXRtGwibSAHhQ=", "id"=>"6", "_"=>""}
  [4;36;1mPost Load (0.1ms)[0m   [0;1mSELECT * FROM "posts" WHERE ("posts"."id" = 6) [0m

ActiveRecord::RecordNotFound (Couldn't find Post with ID=6):
  app/controllers/posts_controller.rb:77:in `destroy'

Rendered rescues/_trace (29.3ms)
Rendered rescues/_request_and_response (0.9ms)
Rendering rescues/layout (not_found)


Processing PostsController#destroy (for 127.0.0.1 at 2010-04-21 01:43:50) [DELETE]
  Parameters: {"authenticity_token"=>"lw68wr3AUGYIpRaQM2ZR0TG9m6xT30EXRtGwibSAHhQ=", "id"=>"6", "_"=>""}
  [4;35;1mPost Load (0.1ms)[0m   [0mSELECT * FROM "posts" WHERE ("posts"."id" = 6) [0m

ActiveRecord::RecordNotFound (Couldn't find Post with ID=6):
  app/controllers/posts_controller.rb:77:in `destroy'

Rendered rescues/_trace (28.6ms)
Rendered rescues/_request_and_response (0.4ms)
Rendering rescues/layout (not_found)


Processing PostsController#destroy (for 127.0.0.1 at 2010-04-21 01:43:51) [DELETE]
  Parameters: {"authenticity_token"=>"lw68wr3AUGYIpRaQM2ZR0TG9m6xT30EXRtGwibSAHhQ=", "id"=>"6", "_"=>""}
  [4;36;1mPost Load (0.1ms)[0m   [0;1mSELECT * FROM "posts" WHERE ("posts"."id" = 6) [0m

ActiveRecord::RecordNotFound (Couldn't find Post with ID=6):
  app/controllers/posts_controller.rb:77:in `destroy'

Rendered rescues/_trace (28.6ms)
Rendered rescues/_request_and_response (0.3ms)
Rendering rescues/layout (not_found)


Processing PostsController#index (for 127.0.0.1 at 2010-04-21 01:43:55) [GET]
  [4;35;1mPost Load (0.6ms)[0m   [0mSELECT * FROM "posts" [0m
Rendering template within layouts/application
Rendering posts/index
Completed in 22ms (View: 19, DB: 1) | 200 OK [http://localhost/posts]


Processing PostsController#index (for 127.0.0.1 at 2010-04-21 01:44:31) [GET]
  [4;36;1mPost Load (0.6ms)[0m   [0;1mSELECT * FROM "posts" [0m
Rendering template within layouts/application
Rendering posts/index
Completed in 26ms (View: 22, DB: 1) | 200 OK [http://localhost/posts]


Processing PostsController#index (for 127.0.0.1 at 2010-04-21 01:46:29) [GET]
  [4;35;1mPost Load (0.6ms)[0m   [0mSELECT * FROM "posts" [0m
Rendering template within layouts/application
Rendering posts/index
Completed in 26ms (View: 22, DB: 1) | 200 OK [http://localhost/posts]


Processing HomeController#index (for 127.0.0.1 at 2010-04-21 01:46:31) [GET]
Rendering template within layouts/application
Rendering home/index
Completed in 7ms (View: 6, DB: 0) | 200 OK [http://localhost/]


Processing PostsController#index (for 127.0.0.1 at 2010-04-21 01:46:32) [GET]
  [4;36;1mPost Load (0.6ms)[0m   [0;1mSELECT * FROM "posts" [0m
Rendering template within layouts/application
Rendering posts/index
Completed in 24ms (View: 20, DB: 1) | 200 OK [http://localhost/posts]


Processing PostsController#index (for 127.0.0.1 at 2010-04-21 01:47:25) [GET]
  [4;35;1mPost Load (0.6ms)[0m   [0mSELECT * FROM "posts" [0m
Rendering template within layouts/application
Rendering posts/index
Completed in 28ms (View: 24, DB: 1) | 200 OK [http://localhost/posts]


Processing PostsController#index (for 127.0.0.1 at 2010-04-21 01:48:45) [GET]
  [4;36;1mPost Load (0.6ms)[0m   [0;1mSELECT * FROM "posts" [0m
Rendering template within layouts/application
Rendering posts/index
Completed in 27ms (View: 24, DB: 1) | 200 OK [http://localhost/posts]


Processing PostsController#index (for 127.0.0.1 at 2010-04-21 02:08:53) [GET]
  [4;36;1mPost Load (0.7ms)[0m   [0;1mSELECT * FROM "posts" [0m
Rendering template within layouts/application
Rendering posts/index
Completed in 101ms (View: 39, DB: 1) | 200 OK [http://localhost/posts]


Processing PostsController#index (for 127.0.0.1 at 2010-04-21 02:09:10) [GET]
  [4;35;1mPost Load (0.6ms)[0m   [0mSELECT * FROM "posts" [0m
Rendering template within layouts/application
Rendering posts/index
Completed in 27ms (View: 23, DB: 1) | 200 OK [http://localhost/posts]


Processing PostsController#destroy (for 127.0.0.1 at 2010-04-21 02:09:19) [DELETE]
  Parameters: {"authenticity_token"=>"lw68wr3AUGYIpRaQM2ZR0TG9m6xT30EXRtGwibSAHhQ=", "id"=>"5", "_"=>""}
  [4;36;1mPost Load (0.2ms)[0m   [0;1mSELECT * FROM "posts" WHERE ("posts"."id" = 5) [0m
  [4;35;1mPost Destroy (0.3ms)[0m   [0mDELETE FROM "posts" WHERE "id" = 5[0m
Redirected to http://localhost:3000/posts
Completed in 7ms (DB: 0) | 302 Found [http://localhost/posts/5]


Processing PostsController#index (for 127.0.0.1 at 2010-04-21 02:09:19) [GET]
  [4;36;1mPost Load (0.5ms)[0m   [0;1mSELECT * FROM "posts" [0m
Rendering posts/index
Completed in 19ms (View: 15, DB: 1) | 200 OK [http://localhost/posts]


Processing PostsController#index (for 127.0.0.1 at 2010-04-21 02:09:20) [GET]
  [4;35;1mPost Load (0.6ms)[0m   [0mSELECT * FROM "posts" [0m
Rendering template within layouts/application
Rendering posts/index
Completed in 22ms (View: 18, DB: 1) | 200 OK [http://localhost/posts]


Processing PostsController#index (for 127.0.0.1 at 2010-04-21 17:26:05) [GET]
  [4;36;1mPost Load (0.6ms)[0m   [0;1mSELECT * FROM "posts" [0m
Rendering template within layouts/application
Rendering posts/index
Completed in 98ms (View: 35, DB: 1) | 200 OK [http://localhost/posts]


Processing PostsController#index (for 127.0.0.1 at 2010-04-21 17:40:57) [GET]
  [4;36;1mPost Load (0.7ms)[0m   [0;1mSELECT * FROM "posts" [0m
Rendering template within layouts/application
Rendering posts/index
Completed in 101ms (View: 39, DB: 1) | 200 OK [http://localhost/posts]


Processing PostsController#index (for 127.0.0.1 at 2010-04-21 17:40:58) [GET]
  [4;35;1mPost Load (0.5ms)[0m   [0mSELECT * FROM "posts" [0m
Rendering template within layouts/application
Rendering posts/index
Completed in 19ms (View: 16, DB: 1) | 200 OK [http://localhost/posts]


Processing PostsController#index (for 127.0.0.1 at 2010-04-21 17:41:23) [GET]
  [4;36;1mPost Load (0.5ms)[0m   [0;1mSELECT * FROM "posts" [0m
Rendering template within layouts/application
Rendering posts/index
Completed in 24ms (View: 20, DB: 1) | 200 OK [http://localhost/posts]


Processing PostsController#index (for 127.0.0.1 at 2010-04-21 17:42:58) [GET]
  [4;35;1mPost Load (0.5ms)[0m   [0mSELECT * FROM "posts" [0m
Rendering template within layouts/application
Rendering posts/index
Completed in 90ms (View: 86, DB: 1) | 200 OK [http://localhost/posts]


Processing PostsController#index (for 127.0.0.1 at 2010-04-21 17:42:59) [GET]
  [4;36;1mPost Load (0.6ms)[0m   [0;1mSELECT * FROM "posts" [0m
Rendering template within layouts/application
Rendering posts/index
Completed in 21ms (View: 17, DB: 1) | 200 OK [http://localhost/posts]


Processing PostsController#destroy (for 127.0.0.1 at 2010-04-21 17:43:16) [DELETE]
  Parameters: {"authenticity_token"=>"/pZGDkQfe4rhBqgo5o2mFS1xhd4l3YOxqp11wuaiN/I=", "id"=>"2"}
  [4;35;1mPost Load (0.2ms)[0m   [0mSELECT * FROM "posts" WHERE ("posts"."id" = 2) [0m
  [4;36;1mPost Destroy (0.3ms)[0m   [0;1mDELETE FROM "posts" WHERE "id" = 2[0m
Redirected to http://localhost:3000/posts
Completed in 7ms (DB: 0) | 302 Found [http://localhost/posts/2]


Processing PostsController#index (for 127.0.0.1 at 2010-04-21 17:43:16) [GET]
  [4;35;1mPost Load (0.5ms)[0m   [0mSELECT * FROM "posts" [0m
Rendering template within layouts/application
Rendering posts/index
Completed in 18ms (View: 14, DB: 0) | 200 OK [http://localhost/posts]


Processing PostsController#destroy (for 127.0.0.1 at 2010-04-21 17:43:18) [DELETE]
  Parameters: {"authenticity_token"=>"/pZGDkQfe4rhBqgo5o2mFS1xhd4l3YOxqp11wuaiN/I=", "id"=>"3"}
  [4;36;1mPost Load (0.2ms)[0m   [0;1mSELECT * FROM "posts" WHERE ("posts"."id" = 3) [0m
  [4;35;1mPost Destroy (0.5ms)[0m   [0mDELETE FROM "posts" WHERE "id" = 3[0m
Redirected to http://localhost:3000/posts
Completed in 7ms (DB: 1) | 302 Found [http://localhost/posts/3]


Processing PostsController#index (for 127.0.0.1 at 2010-04-21 17:43:19) [GET]
  [4;36;1mPost Load (0.5ms)[0m   [0;1mSELECT * FROM "posts" [0m
Rendering template within layouts/application
Rendering posts/index
Completed in 79ms (View: 11, DB: 0) | 200 OK [http://localhost/posts]


Processing PostsController#destroy (for 127.0.0.1 at 2010-04-21 17:43:21) [DELETE]
  Parameters: {"authenticity_token"=>"/pZGDkQfe4rhBqgo5o2mFS1xhd4l3YOxqp11wuaiN/I=", "id"=>"4"}
  [4;35;1mPost Load (0.2ms)[0m   [0mSELECT * FROM "posts" WHERE ("posts"."id" = 4) [0m
  [4;36;1mPost Destroy (0.2ms)[0m   [0;1mDELETE FROM "posts" WHERE "id" = 4[0m
Redirected to http://localhost:3000/posts
Completed in 9ms (DB: 0) | 302 Found [http://localhost/posts/4]


Processing PostsController#index (for 127.0.0.1 at 2010-04-21 17:43:21) [GET]
  [4;35;1mPost Load (0.4ms)[0m   [0mSELECT * FROM "posts" [0m
Rendering template within layouts/application
Rendering posts/index
Completed in 11ms (View: 7, DB: 0) | 200 OK [http://localhost/posts]
  [4;36;1mSQL (0.2ms)[0m   [0;1m SELECT name
 FROM sqlite_master
 WHERE type = 'table' AND NOT name = 'sqlite_sequence'
[0m
  [4;35;1mSQL (0.1ms)[0m   [0mselect sqlite_version(*)[0m
  [4;36;1mSQL (1.4ms)[0m   [0;1mCREATE TABLE "schema_migrations" ("version" varchar(255) NOT NULL) [0m
  [4;35;1mSQL (1.0ms)[0m   [0mCREATE UNIQUE INDEX "unique_schema_migrations" ON "schema_migrations" ("version")[0m
  [4;36;1mSQL (0.1ms)[0m   [0;1m SELECT name
 FROM sqlite_master
 WHERE type = 'table' AND NOT name = 'sqlite_sequence'
[0m
  [4;35;1mSQL (0.1ms)[0m   [0mSELECT version FROM schema_migrations[0m
Migrating to CreatePosts (20100421044350)
  [4;36;1mSQL (0.3ms)[0m   [0;1mCREATE TABLE "posts" ("id" INTEGER PRIMARY KEY AUTOINCREMENT NOT NULL, "title" varchar(255), "body" text, "created_at" datetime, "updated_at" datetime) [0m
  [4;35;1mSQL (0.1ms)[0m   [0mINSERT INTO schema_migrations (version) VALUES ('20100421044350')[0m
  [4;36;1mSQL (0.3ms)[0m   [0;1m SELECT name
 FROM sqlite_master
 WHERE type = 'table' AND NOT name = 'sqlite_sequence'
[0m
  [4;35;1mSQL (0.1ms)[0m   [0mSELECT version FROM schema_migrations[0m
  [4;36;1mSQL (0.1ms)[0m   [0;1m SELECT name
 FROM sqlite_master
 WHERE type = 'table' AND NOT name = 'sqlite_sequence'
[0m
  [4;35;1mSQL (0.0ms)[0m   [0mPRAGMA index_list("posts")[0m
  [4;36;1mPost Create (0.4ms)[0m   [0;1mINSERT INTO "posts" ("created_at", "title", "body", "updated_at") VALUES('2010-04-21 21:43:39', 'This is post #1', NULL, '2010-04-21 21:43:39')[0m
  [4;35;1mPost Create (0.2ms)[0m   [0mINSERT INTO "posts" ("created_at", "title", "body", "updated_at") VALUES('2010-04-21 21:43:39', 'This is post #2', NULL, '2010-04-21 21:43:39')[0m
  [4;36;1mPost Create (0.2ms)[0m   [0;1mINSERT INTO "posts" ("created_at", "title", "body", "updated_at") VALUES('2010-04-21 21:43:39', 'This is post #3', NULL, '2010-04-21 21:43:39')[0m
  [4;35;1mPost Create (0.2ms)[0m   [0mINSERT INTO "posts" ("created_at", "title", "body", "updated_at") VALUES('2010-04-21 21:43:39', 'This is post #4', NULL, '2010-04-21 21:43:39')[0m
  [4;36;1mPost Create (0.2ms)[0m   [0;1mINSERT INTO "posts" ("created_at", "title", "body", "updated_at") VALUES('2010-04-21 21:43:39', 'This is post #5', NULL, '2010-04-21 21:43:39')[0m
  [4;35;1mPost Create (0.2ms)[0m   [0mINSERT INTO "posts" ("created_at", "title", "body", "updated_at") VALUES('2010-04-21 21:43:39', 'This is post #6', NULL, '2010-04-21 21:43:39')[0m
  [4;36;1mPost Create (0.2ms)[0m   [0;1mINSERT INTO "posts" ("created_at", "title", "body", "updated_at") VALUES('2010-04-21 21:43:39', 'This is post #7', NULL, '2010-04-21 21:43:39')[0m
  [4;35;1mPost Create (0.2ms)[0m   [0mINSERT INTO "posts" ("created_at", "title", "body", "updated_at") VALUES('2010-04-21 21:43:39', 'This is post #8', NULL, '2010-04-21 21:43:39')[0m
  [4;36;1mPost Create (0.2ms)[0m   [0;1mINSERT INTO "posts" ("created_at", "title", "body", "updated_at") VALUES('2010-04-21 21:43:39', 'This is post #9', NULL, '2010-04-21 21:43:39')[0m
  [4;35;1mPost Create (0.2ms)[0m   [0mINSERT INTO "posts" ("created_at", "title", "body", "updated_at") VALUES('2010-04-21 21:43:39', 'This is post #10', NULL, '2010-04-21 21:43:39')[0m


Processing PostsController#index (for 127.0.0.1 at 2010-04-21 17:43:47) [GET]
  [4;36;1mPost Load (0.9ms)[0m   [0;1mSELECT * FROM "posts" [0m
Rendering template within layouts/application
Rendering posts/index
Completed in 112ms (View: 53, DB: 1) | 200 OK [http://localhost/posts]


Processing PostsController#destroy (for 127.0.0.1 at 2010-04-21 17:43:53) [DELETE]
  Parameters: {"authenticity_token"=>"/pZGDkQfe4rhBqgo5o2mFS1xhd4l3YOxqp11wuaiN/I=", "id"=>"1"}
  [4;35;1mPost Load (0.2ms)[0m   [0mSELECT * FROM "posts" WHERE ("posts"."id" = 1) [0m
  [4;36;1mPost Destroy (0.3ms)[0m   [0;1mDELETE FROM "posts" WHERE "id" = 1[0m
Redirected to http://localhost:3000/posts
Completed in 8ms (DB: 0) | 302 Found [http://localhost/posts/1]


Processing PostsController#index (for 127.0.0.1 at 2010-04-21 17:43:53) [GET]
  [4;35;1mPost Load (0.8ms)[0m   [0mSELECT * FROM "posts" [0m
Rendering template within layouts/application
Rendering posts/index
Completed in 38ms (View: 33, DB: 1) | 200 OK [http://localhost/posts]


Processing PostsController#destroy (for 127.0.0.1 at 2010-04-21 17:43:55) [DELETE]
  Parameters: {"authenticity_token"=>"/pZGDkQfe4rhBqgo5o2mFS1xhd4l3YOxqp11wuaiN/I=", "id"=>"2"}
  [4;36;1mPost Load (0.3ms)[0m   [0;1mSELECT * FROM "posts" WHERE ("posts"."id" = 2) [0m
  [4;35;1mPost Destroy (0.2ms)[0m   [0mDELETE FROM "posts" WHERE "id" = 2[0m
Redirected to http://localhost:3000/posts
Completed in 78ms (DB: 1) | 302 Found [http://localhost/posts/2]


Processing PostsController#index (for 127.0.0.1 at 2010-04-21 17:43:55) [GET]
  [4;36;1mPost Load (0.7ms)[0m   [0;1mSELECT * FROM "posts" [0m
Rendering template within layouts/application
Rendering posts/index
Completed in 35ms (View: 31, DB: 1) | 200 OK [http://localhost/posts]


Processing PostsController#index (for 127.0.0.1 at 2010-04-21 17:44:48) [GET]
  [4;35;1mPost Load (0.7ms)[0m   [0mSELECT * FROM "posts" [0m
Rendering template within layouts/application
Rendering posts/index

ActionView::TemplateError (undefined method `remote_button_to' for #<ActionView::Base:0x10232cfa0>) on line #10 of app/views/posts/index.html.erb:
7:     <td><%= link_to 'Show', post %></td>
8:     <td><%= link_to 'Edit', edit_post_path(post) %></td>
9:     <td><%= link_to 'Destroy', post, :confirm => 'Are you sure?', :method => :delete %></td>
10:     <td><%= remote_button_to 'Remote Destroy', post, :confirm => 'Are you sure?', :method => :delete, :remote => true %></td>
11:  	<% end %>
12: <% end %>
13: 

    app/views/posts/index.html.erb:10
    app/views/posts/index.html.erb:4
    app/views/posts/index.html.erb:3:in `each'
    app/views/posts/index.html.erb:3
    app/controllers/posts_controller.rb:7:in `index'

Rendered rescues/_trace (115.4ms)
Rendered rescues/_request_and_response (1.1ms)
Rendering rescues/layout (internal_server_error)


Processing PostsController#index (for 127.0.0.1 at 2010-04-21 17:45:43) [GET]
  [4;36;1mPost Load (0.7ms)[0m   [0;1mSELECT * FROM "posts" [0m
Rendering template within layouts/application
Rendering posts/index

ActionView::TemplateError (undefined method `each' for #<Post:0x102ff7848>) on line #10 of app/views/posts/index.html.erb:
7:     <td><%= link_to 'Show', post %></td>
8:     <td><%= link_to 'Edit', edit_post_path(post) %></td>
9:     <td><%= link_to 'Destroy', post, :confirm => 'Are you sure?', :method => :delete %></td>
10:     <td><%= button_to_remote 'Remote Destroy', post, :confirm => 'Are you sure?', :method => :delete, :remote => true %></td>
11:  	<% end %>
12: <% end %>
13: 

    app/views/posts/index.html.erb:10
    app/views/posts/index.html.erb:4
    app/views/posts/index.html.erb:3:in `each'
    app/views/posts/index.html.erb:3
    app/controllers/posts_controller.rb:7:in `index'

Rendered rescues/_trace (46.4ms)
Rendered rescues/_request_and_response (0.3ms)
Rendering rescues/layout (internal_server_error)


Processing PostsController#index (for 127.0.0.1 at 2010-04-21 17:45:44) [GET]
  [4;35;1mPost Load (0.7ms)[0m   [0mSELECT * FROM "posts" [0m
Rendering template within layouts/application
Rendering posts/index

ActionView::TemplateError (undefined method `each' for #<Post:0x1037308d0>) on line #10 of app/views/posts/index.html.erb:
7:     <td><%= link_to 'Show', post %></td>
8:     <td><%= link_to 'Edit', edit_post_path(post) %></td>
9:     <td><%= link_to 'Destroy', post, :confirm => 'Are you sure?', :method => :delete %></td>
10:     <td><%= button_to_remote 'Remote Destroy', post, :confirm => 'Are you sure?', :method => :delete, :remote => true %></td>
11:  	<% end %>
12: <% end %>
13: 

    app/views/posts/index.html.erb:10
    app/views/posts/index.html.erb:4
    app/views/posts/index.html.erb:3:in `each'
    app/views/posts/index.html.erb:3
    app/controllers/posts_controller.rb:7:in `index'

Rendered rescues/_trace (43.2ms)
Rendered rescues/_request_and_response (0.3ms)
Rendering rescues/layout (internal_server_error)


Processing PostsController#index (for 127.0.0.1 at 2010-04-21 18:00:12) [GET]
  [4;36;1mPost Load (0.7ms)[0m   [0;1mSELECT * FROM "posts" [0m
Rendering template within layouts/application
Rendering posts/index
Completed in 36ms (View: 32, DB: 1) | 200 OK [http://localhost/posts]


Processing PostsController#destroy (for 127.0.0.1 at 2010-04-21 18:00:15) [DELETE]
  Parameters: {"authenticity_token"=>"lw68wr3AUGYIpRaQM2ZR0TG9m6xT30EXRtGwibSAHhQ=", "id"=>"3", "_"=>""}
  [4;35;1mPost Load (0.2ms)[0m   [0mSELECT * FROM "posts" WHERE ("posts"."id" = 3) [0m
  [4;36;1mPost Destroy (0.3ms)[0m   [0;1mDELETE FROM "posts" WHERE "id" = 3[0m
Rendering posts/destroy
Completed in 10ms (View: 4, DB: 0) | 200 OK [http://localhost/posts/3]


Processing PostsController#index (for 127.0.0.1 at 2010-04-21 18:00:58) [GET]
  [4;36;1mPost Load (0.8ms)[0m   [0;1mSELECT * FROM "posts" [0m
Rendering template within layouts/application
Rendering posts/index
Completed in 108ms (View: 46, DB: 1) | 200 OK [http://localhost/posts]


Processing PostsController#destroy (for 127.0.0.1 at 2010-04-21 18:01:09) [DELETE]
  Parameters: {"authenticity_token"=>"/pZGDkQfe4rhBqgo5o2mFS1xhd4l3YOxqp11wuaiN/I=", "id"=>"4"}
  [4;35;1mPost Load (0.3ms)[0m   [0mSELECT * FROM "posts" WHERE ("posts"."id" = 4) [0m
  [4;36;1mPost Destroy (0.3ms)[0m   [0;1mDELETE FROM "posts" WHERE "id" = 4[0m
Rendering posts/destroy
Completed in 13ms (View: 6, DB: 1) | 200 OK [http://localhost/posts/4]


Processing PostsController#destroy (for 127.0.0.1 at 2010-04-21 18:01:32) [DELETE]
  Parameters: {"authenticity_token"=>"/pZGDkQfe4rhBqgo5o2mFS1xhd4l3YOxqp11wuaiN/I=", "id"=>"4"}
  [4;35;1mPost Load (0.1ms)[0m   [0mSELECT * FROM "posts" WHERE ("posts"."id" = 4) [0m

ActiveRecord::RecordNotFound (Couldn't find Post with ID=4):
  app/controllers/posts_controller.rb:77:in `destroy'

Rendered rescues/_trace (33.5ms)
Rendered rescues/_request_and_response (67.5ms)
Rendering rescues/layout (not_found)


Processing PostsController#index (for 127.0.0.1 at 2010-04-21 18:01:34) [GET]
  [4;36;1mPost Load (0.6ms)[0m   [0;1mSELECT * FROM "posts" [0m
Rendering template within layouts/application
Rendering posts/index
Completed in 28ms (View: 24, DB: 1) | 200 OK [http://localhost/posts]


Processing PostsController#destroy (for 127.0.0.1 at 2010-04-21 18:01:40) [DELETE]
  Parameters: {"authenticity_token"=>"/pZGDkQfe4rhBqgo5o2mFS1xhd4l3YOxqp11wuaiN/I=", "id"=>"5"}
  [4;35;1mPost Load (0.2ms)[0m   [0mSELECT * FROM "posts" WHERE ("posts"."id" = 5) [0m
  [4;36;1mPost Destroy (0.2ms)[0m   [0;1mDELETE FROM "posts" WHERE "id" = 5[0m
Rendering posts/destroy
Completed in 8ms (View: 1, DB: 0) | 200 OK [http://localhost/posts/5]


Processing PostsController#destroy (for 127.0.0.1 at 2010-04-21 18:06:44) [DELETE]
  Parameters: {"authenticity_token"=>"/pZGDkQfe4rhBqgo5o2mFS1xhd4l3YOxqp11wuaiN/I=", "id"=>"5"}
  [4;35;1mPost Load (0.1ms)[0m   [0mSELECT * FROM "posts" WHERE ("posts"."id" = 5) [0m

ActiveRecord::RecordNotFound (Couldn't find Post with ID=5):
  app/controllers/posts_controller.rb:77:in `destroy'

Rendered rescues/_trace (28.3ms)
Rendered rescues/_request_and_response (0.3ms)
Rendering rescues/layout (not_found)


Processing PostsController#index (for 127.0.0.1 at 2010-04-21 18:06:49) [GET]
  [4;36;1mPost Load (0.6ms)[0m   [0;1mSELECT * FROM "posts" [0m
Rendering template within layouts/application
Rendering posts/index
Completed in 96ms (View: 91, DB: 1) | 200 OK [http://localhost/posts]


Processing PostsController#destroy (for 127.0.0.1 at 2010-04-21 18:06:54) [DELETE]
  Parameters: {"authenticity_token"=>"/pZGDkQfe4rhBqgo5o2mFS1xhd4l3YOxqp11wuaiN/I=", "id"=>"6"}
  [4;35;1mPost Load (0.2ms)[0m   [0mSELECT * FROM "posts" WHERE ("posts"."id" = 6) [0m
  [4;36;1mPost Destroy (1.0ms)[0m   [0;1mDELETE FROM "posts" WHERE "id" = 6[0m
Rendering posts/destroy
Completed in 10ms (View: 1, DB: 1) | 200 OK [http://localhost/posts/6]


Processing PostsController#index (for 127.0.0.1 at 2010-04-21 18:08:35) [GET]
  [4;35;1mPost Load (0.6ms)[0m   [0mSELECT * FROM "posts" [0m
Rendering template within layouts/application
Rendering posts/index
Completed in 22ms (View: 18, DB: 1) | 200 OK [http://localhost/posts]


Processing PostsController#destroy (for 127.0.0.1 at 2010-04-21 18:08:37) [DELETE]
  Parameters: {"authenticity_token"=>"/pZGDkQfe4rhBqgo5o2mFS1xhd4l3YOxqp11wuaiN/I=", "id"=>"7"}
  [4;36;1mPost Load (0.2ms)[0m   [0;1mSELECT * FROM "posts" WHERE ("posts"."id" = 7) [0m
  [4;35;1mPost Destroy (0.2ms)[0m   [0mDELETE FROM "posts" WHERE "id" = 7[0m
Rendering posts/destroy
Completed in 11ms (View: 4, DB: 0) | 200 OK [http://localhost/posts/7]


Processing PostsController#index (for 127.0.0.1 at 2010-04-21 18:14:13) [GET]
  [4;36;1mPost Load (0.6ms)[0m   [0;1mSELECT * FROM "posts" [0m
Rendering template within layouts/application
Rendering posts/index
Completed in 94ms (View: 32, DB: 1) | 200 OK [http://localhost/posts]


Processing PostsController#index (for 127.0.0.1 at 2010-04-21 18:14:16) [GET]
  [4;35;1mPost Load (0.5ms)[0m   [0mSELECT * FROM "posts" [0m
Rendering template within layouts/application
Rendering posts/index
Completed in 18ms (View: 14, DB: 1) | 200 OK [http://localhost/posts]


Processing PostsController#index (for 127.0.0.1 at 2010-04-21 18:14:58) [GET]
  [4;36;1mPost Load (0.6ms)[0m   [0;1mSELECT * FROM "posts" [0m
Rendering template within layouts/application
Rendering posts/index
Completed in 95ms (View: 32, DB: 1) | 200 OK [http://localhost/posts]


Processing PostsController#index (for 127.0.0.1 at 2010-04-21 18:15:01) [GET]
  [4;35;1mPost Load (0.5ms)[0m   [0mSELECT * FROM "posts" [0m
Rendering template within layouts/application
Rendering posts/index
Completed in 17ms (View: 14, DB: 0) | 200 OK [http://localhost/posts]


Processing PostsController#index (for 127.0.0.1 at 2010-04-21 18:15:13) [GET]
  [4;36;1mPost Load (0.5ms)[0m   [0;1mSELECT * FROM "posts" [0m
Rendering template within layouts/application
Rendering posts/index
Completed in 21ms (View: 17, DB: 0) | 200 OK [http://localhost/posts]
